Aug 17, 2025 3:04:42 PM uniliv.AbstractMethods.LogUtility startTest
INFO: ========== Starting Test: Test started  ==========
Aug 17, 2025 3:04:42 PM uniliv.AbstractMethods.LogUtility step
INFO: STEP: Navigate to Home page
Aug 17, 2025 3:04:42 PM uniliv.AbstractMethods.LogUtility step
INFO: STEP: click to search bar
Aug 17, 2025 3:04:46 PM uniliv.AbstractMethods.LogUtility endTest
INFO: ========== Test test end here Passed ==========
Aug 17, 2025 3:07:09 PM uniliv.AbstractMethods.LogUtility startTest
INFO: ========== Starting Test: Test started  ==========
Aug 17, 2025 3:07:09 PM uniliv.AbstractMethods.LogUtility step
INFO: STEP: Navigate to Home page
Aug 17, 2025 3:07:09 PM uniliv.AbstractMethods.LogUtility step
INFO: STEP: click to search bar
Aug 17, 2025 3:07:14 PM uniliv.AbstractMethods.LogUtility endTest
INFO: ========== Test test end here Passed ==========
Aug 17, 2025 3:08:25 PM uniliv.AbstractMethods.LogUtility startTest
INFO: ========== Starting Test: Test started  ==========
Aug 17, 2025 3:08:25 PM uniliv.AbstractMethods.LogUtility step
INFO: STEP: Navigate to Home page
Aug 17, 2025 3:08:25 PM uniliv.AbstractMethods.LogUtility step
INFO: STEP: click to search bar
Aug 17, 2025 3:08:29 PM uniliv.AbstractMethods.LogUtility endTest
INFO: ========== Test test end here Passed ==========
Aug 17, 2025 4:15:01 PM uniliv.AbstractMethods.LogUtility startTest
INFO: ========== Starting Test: Test started  ==========
Aug 17, 2025 4:15:01 PM uniliv.AbstractMethods.LogUtility step
INFO: STEP: Navigate to Home page
Aug 17, 2025 4:15:01 PM uniliv.AbstractMethods.LogUtility step
INFO: STEP: click to search bar
Aug 17, 2025 4:15:01 PM uniliv.AbstractMethods.LogUtility startTest
INFO: ========== Starting Test: enquireform ==========
Aug 17, 2025 4:15:01 PM uniliv.AbstractMethods.LogUtility fail
SEVERE: FAIL: Test FAILED: enquireform
Aug 17, 2025 4:15:36 PM uniliv.AbstractMethods.LogUtility startTest
INFO: ========== Starting Test: Test started  ==========
Aug 17, 2025 4:15:36 PM uniliv.AbstractMethods.LogUtility step
INFO: STEP: Navigate to Home page
Aug 17, 2025 4:15:36 PM uniliv.AbstractMethods.LogUtility step
INFO: STEP: click to search bar
Aug 17, 2025 4:15:41 PM uniliv.AbstractMethods.LogUtility startTest
INFO: ========== Starting Test: enquireform ==========
Aug 17, 2025 4:15:41 PM uniliv.AbstractMethods.LogUtility fail
SEVERE: FAIL: Test FAILED: enquireform
Aug 17, 2025 4:15:41 PM uniliv.AbstractMethods.LogUtility endTest
INFO: ========== Test enquireform FAILED ==========
Aug 17, 2025 4:26:35 PM uniliv.AbstractMethods.LogUtility startTest
INFO: ========== Starting Test: Test started  ==========
Aug 17, 2025 4:26:35 PM uniliv.AbstractMethods.LogUtility step
INFO: STEP: Navigate to Home page
Aug 17, 2025 4:26:35 PM uniliv.AbstractMethods.LogUtility step
INFO: STEP: click to search bar
Aug 17, 2025 4:26:35 PM uniliv.AbstractMethods.LogUtility fail
SEVERE: FAIL: Test FAILED: enquireform
Aug 17, 2025 4:46:04 PM uniliv.AbstractMethods.LogUtility startTest
INFO: ========== Starting Test: Test skipped  ==========
Aug 17, 2025 4:46:04 PM uniliv.AbstractMethods.LogUtility step
INFO: STEP: Navigate to Home page
Aug 17, 2025 4:46:04 PM uniliv.AbstractMethods.LogUtility step
INFO: STEP: click to search bar
Aug 17, 2025 4:46:09 PM uniliv.AbstractMethods.LogUtility fail
SEVERE: FAIL: Test FAILED: enquireform
Aug 17, 2025 4:46:09 PM uniliv.AbstractMethods.LogUtility endTest
INFO: ========== Test enquireform FAILED ==========
Aug 17, 2025 4:50:18 PM uniliv.AbstractMethods.LogUtility startTest
INFO: ========== Starting Test: Test skipped  ==========
Aug 17, 2025 4:50:18 PM uniliv.AbstractMethods.LogUtility warn
WARNING: Test SKIPPED: enquireform
Aug 17, 2025 4:50:18 PM uniliv.AbstractMethods.LogUtility endTest
INFO: ========== Test enquireform SKIPPED ==========
Aug 18, 2025 11:58:10 PM uniliv.AbstractMethods.LogUtility startTest
INFO: ========== Starting Test: Test skipped  ==========
Aug 18, 2025 11:58:10 PM uniliv.AbstractMethods.LogUtility warn
WARNING: Test SKIPPED: enquireform
Aug 18, 2025 11:58:10 PM uniliv.AbstractMethods.LogUtility endTest
INFO: ========== Test enquireform SKIPPED ==========
Aug 19, 2025 12:00:17 AM uniliv.AbstractMethods.LogUtility startTest
INFO: ========== Starting Test: Test sTARTED  ==========
Aug 19, 2025 12:00:17 AM uniliv.AbstractMethods.LogUtility step
INFO: STEP: Navigate to Home page
Aug 19, 2025 12:00:17 AM uniliv.AbstractMethods.LogUtility step
INFO: STEP: click to search bar
Aug 19, 2025 12:00:21 AM uniliv.AbstractMethods.LogUtility endTest
INFO: ========== Test test end here Passed ==========
Aug 19, 2025 12:00:21 AM uniliv.AbstractMethods.LogUtility pass
INFO: PASS: Test PASSED: enquireform
Aug 19, 2025 12:00:21 AM uniliv.AbstractMethods.LogUtility endTest
INFO: ========== Test enquireform PASSED ==========
Aug 19, 2025 12:09:13 AM uniliv.AbstractMethods.LogUtility startTest
INFO: ========== Starting Test: Test sTARTED  ==========
Aug 19, 2025 12:09:13 AM uniliv.AbstractMethods.LogUtility step
INFO: STEP: Navigate to Home page
Aug 19, 2025 12:09:13 AM uniliv.AbstractMethods.LogUtility step
INFO: STEP: click to search bar
Aug 19, 2025 12:09:18 AM uniliv.AbstractMethods.LogUtility endTest
INFO: ========== Test test end here Passed ==========
Aug 19, 2025 12:09:18 AM uniliv.AbstractMethods.LogUtility pass
INFO: PASS: Test PASSED: enquireform
Aug 19, 2025 12:09:18 AM uniliv.AbstractMethods.LogUtility endTest
INFO: ========== Test enquireform PASSED ==========
Aug 19, 2025 12:12:08 AM uniliv.AbstractMethods.LogUtility startTest
INFO: ========== Starting Test: Test sTARTED  ==========
Aug 19, 2025 12:12:08 AM uniliv.AbstractMethods.LogUtility step
INFO: STEP: Navigate to Home page
Aug 19, 2025 12:12:08 AM uniliv.AbstractMethods.LogUtility step
INFO: STEP: click to search bar
Aug 19, 2025 12:12:12 AM uniliv.AbstractMethods.LogUtility endTest
INFO: ========== Test test end here Passed ==========
Aug 19, 2025 12:12:12 AM uniliv.AbstractMethods.LogUtility fail
SEVERE: FAIL: Test FAILED: enquireform
Aug 19, 2025 12:12:12 AM uniliv.AbstractMethods.LogUtility endTest
INFO: ========== Test enquireform FAILED ==========
Aug 19, 2025 11:15:21 AM uniliv.AbstractMethods.LogUtility startTest
INFO: ========== Starting Test: Test sTARTED  ==========
Aug 19, 2025 11:15:21 AM uniliv.AbstractMethods.LogUtility step
INFO: STEP: Navigate to Home page
Aug 19, 2025 11:15:21 AM uniliv.AbstractMethods.LogUtility step
INFO: STEP: click to search bar
Aug 19, 2025 11:15:26 AM uniliv.AbstractMethods.LogUtility endTest
INFO: ========== Test test end here Passed ==========
Aug 19, 2025 11:15:26 AM uniliv.AbstractMethods.LogUtility pass
INFO: PASS: Test PASSED: enquireform
Aug 19, 2025 11:15:26 AM uniliv.AbstractMethods.LogUtility endTest
INFO: ========== Test enquireform PASSED ==========
Aug 19, 2025 11:16:52 AM uniliv.AbstractMethods.LogUtility pass
INFO: PASS: Test PASSED: simpleTest
Aug 19, 2025 11:16:52 AM uniliv.AbstractMethods.LogUtility endTest
INFO: ========== Test simpleTest PASSED ==========
Aug 19, 2025 11:19:08 AM uniliv.AbstractMethods.LogUtility startTest
INFO: ========== Starting Test: Test sTARTED  ==========
Aug 19, 2025 11:19:08 AM uniliv.AbstractMethods.LogUtility step
INFO: STEP: Navigate to Home page
Aug 19, 2025 11:19:08 AM uniliv.AbstractMethods.LogUtility step
INFO: STEP: click to search bar
Aug 19, 2025 11:19:12 AM uniliv.AbstractMethods.LogUtility msg
INFO: text searched and submitted
Aug 19, 2025 11:19:12 AM uniliv.AbstractMethods.LogUtility endTest
INFO: ========== Test test end here Passed ==========
Aug 19, 2025 11:19:12 AM uniliv.AbstractMethods.LogUtility pass
INFO: PASS: Test PASSED: enquireform
Aug 19, 2025 11:19:12 AM uniliv.AbstractMethods.LogUtility info
INFO: Browser closed
Aug 19, 2025 11:19:12 AM uniliv.AbstractMethods.LogUtility endTest
INFO: ========== Test enquireform PASSED ==========
Aug 19, 2025 11:25:30 AM uniliv.AbstractMethods.LogUtility startTest
INFO: ========== Starting Test: Test sTARTED  ==========
Aug 19, 2025 11:25:30 AM uniliv.AbstractMethods.LogUtility step
INFO: STEP: Navigate to Home page
Aug 19, 2025 11:25:30 AM uniliv.AbstractMethods.LogUtility step
INFO: STEP: click to search bar
Aug 19, 2025 11:25:34 AM uniliv.AbstractMethods.LogUtility msg
INFO: text searched and submitted
Aug 19, 2025 11:25:34 AM uniliv.AbstractMethods.LogUtility endTest
INFO: ========== Test test end here Passed ==========
Aug 19, 2025 11:25:34 AM uniliv.AbstractMethods.LogUtility pass
INFO: PASS: Test PASSED: enquireform
Aug 19, 2025 11:25:34 AM uniliv.AbstractMethods.LogUtility info
INFO: Browser closed
Aug 19, 2025 11:25:34 AM uniliv.AbstractMethods.LogUtility endTest
INFO: ========== Test enquireform PASSED ==========
Aug 19, 2025 11:28:29 AM uniliv.AbstractMethods.LogUtility startTest
INFO: ========== Starting Test: Test sTARTED  ==========
Aug 19, 2025 11:28:29 AM uniliv.AbstractMethods.LogUtility fail
SEVERE: FAIL: Test FAILED: enquireform
Aug 19, 2025 11:28:29 AM uniliv.AbstractMethods.LogUtility info
INFO: Browser closed
Aug 19, 2025 11:28:29 AM uniliv.AbstractMethods.LogUtility endTest
INFO: ========== Test enquireform FAILED ==========
Aug 20, 2025 2:53:01 PM uniliv.AbstractMethods.LogUtility startTest
INFO: ========== Starting Test: enquireform ==========
Aug 20, 2025 2:53:01 PM uniliv.AbstractMethods.LogUtility startTest
INFO: ========== Starting Test: enquireform ==========
Aug 20, 2025 2:53:01 PM uniliv.AbstractMethods.LogUtility step
INFO: STEP: Navigate to Home page
Aug 20, 2025 2:53:01 PM uniliv.AbstractMethods.LogUtility step
INFO: STEP: click to search bar
Aug 20, 2025 2:53:04 PM uniliv.AbstractMethods.LogUtility fail
SEVERE: FAIL: Test FAILED: enquireform
Aug 20, 2025 2:53:04 PM uniliv.AbstractMethods.LogUtility error
SEVERE: Failure reason - Exception: org.openqa.selenium.NoSuchElementException: no such element: Unable to locate element: {"method":"css selector","selector":"#async\-pagination\-example\-item\-0"}
  (Session info: chrome=139.0.7258.128)
For documentation on this error, please visit: https://www.selenium.dev/documentation/webdriver/troubleshooting/errors#no-such-element-exception
Build info: version: '4.27.0', revision: 'd6e718d134'
System info: os.name: 'Windows 10', os.arch: 'amd64', os.version: '10.0', java.version: '21.0.8'
Driver info: org.openqa.selenium.chrome.ChromeDriver
Command: [d06d3791754712002d41fd648fdc6d13, findElement {value=async-pagination-example-item-0, using=id}]
Capabilities {acceptInsecureCerts: false, browserName: chrome, browserVersion: 139.0.7258.128, chrome: {chromedriverVersion: 139.0.7258.138 (884e54ea8d4..., userDataDir: C:\Users\PRAVIN~1.GAR\AppDa...}, fedcm:accounts: true, goog:chromeOptions: {debuggerAddress: localhost:49317}, networkConnectionEnabled: false, pageLoadStrategy: normal, platformName: windows, proxy: Proxy(), se:cdp: ws://localhost:49317/devtoo..., se:cdpVersion: 139.0.7258.128, setWindowRect: true, strictFileInteractability: false, timeouts: {implicit: 0, pageLoad: 300000, script: 30000}, unhandledPromptBehavior: dismiss and notify, webauthn:extension:credBlob: true, webauthn:extension:largeBlob: true, webauthn:extension:minPinLength: true, webauthn:extension:prf: true, webauthn:virtualAuthenticators: true}
Session ID: d06d3791754712002d41fd648fdc6d13
Aug 20, 2025 2:53:04 PM uniliv.AbstractMethods.LogUtility endTest
INFO: ========== Test enquireform FAILED ==========
Aug 20, 2025 2:53:05 PM uniliv.AbstractMethods.LogUtility info
INFO: Browser closed
Aug 20, 2025 2:53:18 PM uniliv.AbstractMethods.LogUtility startTest
INFO: ========== Starting Test: enquireform ==========
Aug 20, 2025 2:53:18 PM uniliv.AbstractMethods.LogUtility startTest
INFO: ========== Starting Test: enquireform ==========
Aug 20, 2025 2:53:18 PM uniliv.AbstractMethods.LogUtility step
INFO: STEP: Navigate to Home page
Aug 20, 2025 2:53:18 PM uniliv.AbstractMethods.LogUtility step
INFO: STEP: click to search bar
Aug 20, 2025 2:53:23 PM uniliv.AbstractMethods.LogUtility msg
INFO: text searched and submitted
Aug 20, 2025 2:53:23 PM uniliv.AbstractMethods.LogUtility endTest
INFO: ========== Test enquireform PASSED ==========
Aug 20, 2025 2:53:23 PM uniliv.AbstractMethods.LogUtility pass
INFO: PASS: Test PASSED: enquireform
Aug 20, 2025 2:53:23 PM uniliv.AbstractMethods.LogUtility endTest
INFO: ========== Test enquireform PASSED ==========
Aug 20, 2025 2:53:23 PM uniliv.AbstractMethods.LogUtility info
INFO: Browser closed
Aug 20, 2025 2:56:13 PM uniliv.AbstractMethods.LogUtility startTest
INFO: ========== Starting Test: enquireform ==========
Aug 20, 2025 2:56:13 PM uniliv.AbstractMethods.LogUtility warn
WARNING: Test SKIPPED: enquireform
Aug 20, 2025 2:56:13 PM uniliv.AbstractMethods.LogUtility endTest
INFO: ========== Test enquireform SKIPPED ==========
Aug 20, 2025 2:57:27 PM uniliv.AbstractMethods.LogUtility startTest
INFO: ========== Starting Test: enquireform ==========
Aug 20, 2025 2:57:27 PM uniliv.AbstractMethods.LogUtility startTest
INFO: ========== Starting Test: enquireform ==========
Aug 20, 2025 2:57:27 PM uniliv.AbstractMethods.LogUtility step
INFO: STEP: Navigate to Home page
Aug 20, 2025 2:57:27 PM uniliv.AbstractMethods.LogUtility step
INFO: STEP: click to search bar
Aug 20, 2025 2:57:31 PM uniliv.AbstractMethods.LogUtility msg
INFO: text searched and submitted
Aug 20, 2025 2:57:31 PM uniliv.AbstractMethods.LogUtility endTest
INFO: ========== Test enquireform PASSED ==========
Aug 20, 2025 2:57:31 PM uniliv.AbstractMethods.LogUtility pass
INFO: PASS: Test PASSED: enquireform
Aug 20, 2025 2:57:31 PM uniliv.AbstractMethods.LogUtility endTest
INFO: ========== Test enquireform PASSED ==========
Aug 20, 2025 2:57:31 PM uniliv.AbstractMethods.LogUtility info
INFO: Browser closed
Aug 20, 2025 3:00:51 PM uniliv.AbstractMethods.LogUtility startTest
INFO: ========== Starting Test: enquireform ==========
Aug 20, 2025 3:00:51 PM uniliv.AbstractMethods.LogUtility info
INFO: started
Aug 20, 2025 3:00:51 PM uniliv.AbstractMethods.LogUtility step
INFO: STEP: Navigate to Home page
Aug 20, 2025 3:00:51 PM uniliv.AbstractMethods.LogUtility step
INFO: STEP: click to search bar
Aug 20, 2025 3:00:54 PM uniliv.AbstractMethods.LogUtility fail
SEVERE: FAIL: Test FAILED: enquireform
Aug 20, 2025 3:00:54 PM uniliv.AbstractMethods.LogUtility error
SEVERE: Failure reason - Exception: org.openqa.selenium.NoSuchElementException: no such element: Unable to locate element: {"method":"css selector","selector":"#async\-pagination\-example\-item\-0"}
  (Session info: chrome=139.0.7258.128)
For documentation on this error, please visit: https://www.selenium.dev/documentation/webdriver/troubleshooting/errors#no-such-element-exception
Build info: version: '4.27.0', revision: 'd6e718d134'
System info: os.name: 'Windows 10', os.arch: 'amd64', os.version: '10.0', java.version: '21.0.8'
Driver info: org.openqa.selenium.chrome.ChromeDriver
Command: [e5c572123d3bbefd1fabc0d5532183a8, findElement {value=async-pagination-example-item-0, using=id}]
Capabilities {acceptInsecureCerts: false, browserName: chrome, browserVersion: 139.0.7258.128, chrome: {chromedriverVersion: 139.0.7258.138 (884e54ea8d4..., userDataDir: C:\Users\PRAVIN~1.GAR\AppDa...}, fedcm:accounts: true, goog:chromeOptions: {debuggerAddress: localhost:50070}, networkConnectionEnabled: false, pageLoadStrategy: normal, platformName: windows, proxy: Proxy(), se:cdp: ws://localhost:50070/devtoo..., se:cdpVersion: 139.0.7258.128, setWindowRect: true, strictFileInteractability: false, timeouts: {implicit: 0, pageLoad: 300000, script: 30000}, unhandledPromptBehavior: dismiss and notify, webauthn:extension:credBlob: true, webauthn:extension:largeBlob: true, webauthn:extension:minPinLength: true, webauthn:extension:prf: true, webauthn:virtualAuthenticators: true}
Session ID: e5c572123d3bbefd1fabc0d5532183a8
Aug 20, 2025 3:00:54 PM uniliv.AbstractMethods.LogUtility endTest
INFO: ========== Test enquireform FAILED ==========
Aug 20, 2025 3:00:54 PM uniliv.AbstractMethods.LogUtility info
INFO: Browser closed
Aug 20, 2025 3:11:49 PM uniliv.AbstractMethods.LogUtility startTest
INFO: ========== Starting Test: enquireform ==========
Aug 20, 2025 3:11:53 PM uniliv.AbstractMethods.LogUtility pass
INFO: PASS: Test PASSED: enquireform
Aug 20, 2025 3:11:53 PM uniliv.AbstractMethods.LogUtility endTest
INFO: ========== Test enquireform PASSED ==========
Aug 20, 2025 3:11:54 PM uniliv.AbstractMethods.LogUtility info
INFO: Browser closed
Aug 21, 2025 12:25:15 PM uniliv.AbstractMethods.LogUtility startTest
INFO: ========== Starting Test: enquireform ==========
Aug 21, 2025 12:25:16 PM uniliv.AbstractMethods.LogUtility startTest
INFO: ========== Starting Test: enquireform ==========
Aug 21, 2025 12:25:16 PM uniliv.AbstractMethods.LogUtility info
INFO: started
Aug 21, 2025 12:25:16 PM uniliv.AbstractMethods.LogUtility step
INFO: STEP: Navigate to Home page
Aug 21, 2025 12:25:16 PM uniliv.AbstractMethods.LogUtility step
INFO: STEP: click to search bar
Aug 21, 2025 12:25:20 PM uniliv.AbstractMethods.LogUtility msg
INFO: text searched and submitted
Aug 21, 2025 12:25:20 PM uniliv.AbstractMethods.LogUtility pass
INFO: PASS: Test PASSED: enquireform
Aug 21, 2025 12:25:20 PM uniliv.AbstractMethods.LogUtility endTest
INFO: ========== Test enquireform PASSED ==========
Aug 21, 2025 12:25:20 PM uniliv.AbstractMethods.LogUtility info
INFO: Browser closed
Aug 21, 2025 12:30:10 PM uniliv.AbstractMethods.LogUtility startTest
INFO: ========== Starting Test: enquireform ==========
Aug 21, 2025 12:30:10 PM uniliv.AbstractMethods.LogUtility step
INFO: STEP: Navigate to Home page
Aug 21, 2025 12:30:10 PM uniliv.AbstractMethods.LogUtility step
INFO: STEP: click to search bar
Aug 21, 2025 12:30:15 PM uniliv.AbstractMethods.LogUtility msg
INFO: text searched and submitted
Aug 21, 2025 12:30:15 PM uniliv.AbstractMethods.LogUtility pass
INFO: PASS: Test PASSED: enquireform
Aug 21, 2025 12:30:15 PM uniliv.AbstractMethods.LogUtility endTest
INFO: ========== Test enquireform PASSED ==========
Aug 21, 2025 12:30:15 PM uniliv.AbstractMethods.LogUtility info
INFO: Browser closed
Aug 22, 2025 12:18:57 PM uniliv.AbstractMethods.LogUtility startTest
INFO: ========== Starting Test: enquireform ==========
Aug 22, 2025 12:18:57 PM uniliv.AbstractMethods.LogUtility step
INFO: STEP: Navigate to Home page
Aug 22, 2025 12:18:57 PM uniliv.AbstractMethods.LogUtility step
INFO: STEP: click to search bar
Aug 22, 2025 12:19:01 PM uniliv.AbstractMethods.LogUtility msg
INFO: text searched and submitted
Aug 22, 2025 12:19:01 PM uniliv.AbstractMethods.LogUtility pass
INFO: PASS: Test PASSED: enquireform
Aug 22, 2025 12:19:01 PM uniliv.AbstractMethods.LogUtility endTest
INFO: ========== Test enquireform PASSED ==========
Aug 22, 2025 12:19:02 PM uniliv.AbstractMethods.LogUtility info
INFO: Browser closed
Aug 22, 2025 12:40:34 PM uniliv.AbstractMethods.LogUtility startTest
INFO: ========== Starting Test: enquireform ==========
Aug 22, 2025 12:40:34 PM uniliv.AbstractMethods.LogUtility step
INFO: STEP: Navigate to Home page
Aug 22, 2025 12:40:34 PM uniliv.AbstractMethods.LogUtility step
INFO: STEP: click to search bar
Aug 22, 2025 12:40:38 PM uniliv.AbstractMethods.LogUtility msg
INFO: text searched and submitted
Aug 22, 2025 12:40:38 PM uniliv.AbstractMethods.LogUtility info
INFO: Browser closed
Aug 22, 2025 12:42:28 PM uniliv.AbstractMethods.LogUtility startTest
INFO: ========== Starting Test: enquireform ==========
Aug 22, 2025 12:42:28 PM uniliv.AbstractMethods.LogUtility step
INFO: STEP: Navigate to Home page
Aug 22, 2025 12:42:28 PM uniliv.AbstractMethods.LogUtility step
INFO: STEP: click to search bar
Aug 22, 2025 12:42:32 PM uniliv.AbstractMethods.LogUtility msg
INFO: text searched and submitted
Aug 22, 2025 12:42:32 PM uniliv.AbstractMethods.LogUtility pass
INFO: PASS: Test PASSED: enquireform
Aug 22, 2025 12:42:32 PM uniliv.AbstractMethods.LogUtility endTest
INFO: ========== Test enquireform PASSED ==========
Aug 22, 2025 12:42:34 PM uniliv.AbstractMethods.LogUtility info
INFO: Browser closed
Aug 22, 2025 12:43:44 PM uniliv.AbstractMethods.LogUtility startTest
INFO: ========== Starting Test: enquireform ==========
Aug 22, 2025 12:43:44 PM uniliv.AbstractMethods.LogUtility step
INFO: STEP: Navigate to Home page
Aug 22, 2025 12:43:44 PM uniliv.AbstractMethods.LogUtility step
INFO: STEP: click to search bar
Aug 22, 2025 12:43:48 PM uniliv.AbstractMethods.LogUtility msg
INFO: text searched and submitted
Aug 22, 2025 12:43:48 PM uniliv.AbstractMethods.LogUtility endTest
INFO: ========== Test enquireform PASSED ==========
Aug 22, 2025 12:43:48 PM uniliv.AbstractMethods.LogUtility info
INFO: Browser closed
